-----------------------------------------------------------------------------------------------------------------------------------------------
      name:  <unnamed>
       log:  C:\Users\eklou\OneDrive\Documents\Replication_Project_Part1.log
  log type:  text
 opened on:   3 Mar 2023, 19:14:16

. *Put data directory in local macro to call on later

. 
. local data_dir "/Users/eklou/OneDrive/Documents/"

. 
. 
. 
. *Put working directory in local macro to call on later - this is where I will save output

. 
. local save_dir "/Users/eklou/OneDrive/Documents/statawork/"

. 
. 
. 
. *Can now set working directory with this local macro

. 
. cd `save_dir'
C:\Users\eklou\OneDrive\Documents\statawork

. 
. 
. 
. 
. 
. *Start log file

. 
. log using `save_dir'Replication_Project_Part1.log, replace
log file already open
r(604);

. *Open paces_vouchers dataset

. 
. use `data_dir'paces_vouchers.dta, clear

. *Look at data

. 
. codebook, compact

Variable     Obs Unique      Mean  Min  Max  Label
-----------------------------------------------------------------------------------------------------------------------------------------------
vouch0      4044      2  .5880317    0    1  Won Voucher
sex_name    4044      2  .4866469    0    1  Male Name
match_i     4044      2   .310089    0    1  ID Match
match_ic    4044      2  .2964886    0    1  ID & City Match
match_i7    4044      2  .2903066    0    1  ID & 7-letter Match
age         3664     13  12.70497    7   82  
phone       4044      2  .8815529    0    1  Has Phone
checkid     4044      2  .8758655    0    1  Has Valid Id
math        4043     42  12.88619    0   62  Math Score on ICFES
read        4043     40  14.32501    0   64  Language Score on ICFES
match_ic7   4044      2  .2789318    0    1  ID & 7-letter & City Match
readcens1   4043     38  36.64606   32   64  Read score censored at 1st percentile
readcens10  4043     33  42.32291   40   64  Read score censored at 10th percentile
mathcens1   4043     36  35.20031   32   62  Math score censored at 1st percentile
mathcens10  4043     33  37.31162   35   62  Math score censored at 10th percentile
-----------------------------------------------------------------------------------------------------------------------------------------------

. *Put list of variables to get descriptives for in local macro to use later

. 
. local descrip_vars "vouch0 checkid age sex_name phone"

. *** Replicate Table I

. 
. 
. 
. *Means and SD for full sample

. 
. tabstat `descrip_vars', stat(mean sd n) col(stat) save

    Variable |      Mean        SD         N
-------------+------------------------------
      vouch0 |  .5880317  .4922503      4044
     checkid |  .8758655  .3297757      4044
         age |  12.70497  1.762601      3664
    sex_name |  .4866469  .4998835      4044
       phone |  .8815529  .3231767      4044
--------------------------------------------

. 
. 
. 
. *Means and SD for valid age sample

. 
. tabstat `descrip_vars' if age>9 & age<25, statistics(mean sd n) columns(statistics) save

    Variable |      Mean        SD         N
-------------+------------------------------
      vouch0 |   .585086  .4927745      3661
     checkid |  .9674952  .1773607      3661
         age |  12.68916  1.333906      3661
    sex_name |  .4927615  .5000159      3661
       phone |  .8860967  .3177372      3661
--------------------------------------------

. *Regression estimate of Differences by vouchers status (winners vs losers) for full sample (column 3)

. 
. regress checkid vouch0

      Source |       SS           df       MS      Number of obs   =     4,044
-------------+----------------------------------   F(1, 4042)      =      0.90
       Model |  .098196277         1  .098196277   Prob > F        =    0.3421
    Residual |  439.586275     4,042  .108754645   R-squared       =    0.0002
-------------+----------------------------------   Adj R-squared   =   -0.0000
       Total |  439.684471     4,043  .108752033   Root MSE        =    .32978

------------------------------------------------------------------------------
     checkid | Coefficient  Std. err.      t    P>|t|     [95% conf. interval]
-------------+----------------------------------------------------------------
      vouch0 |  -.0100117   .0105362    -0.95   0.342    -.0306686    .0106451
       _cons |   .8817527   .0080795   109.13   0.000     .8659124     .897593
------------------------------------------------------------------------------

. 
. regress age vouch0

      Source |       SS           df       MS      Number of obs   =     3,664
-------------+----------------------------------   F(1, 3662)      =      5.34
       Model |  16.5836672         1  16.5836672   Prob > F        =    0.0208
    Residual |  11363.4859     3,662   3.1030819   R-squared       =    0.0015
-------------+----------------------------------   Adj R-squared   =    0.0012
       Total |  11380.0696     3,663  3.10676211   Root MSE        =    1.7616

------------------------------------------------------------------------------
         age | Coefficient  Std. err.      t    P>|t|     [95% conf. interval]
-------------+----------------------------------------------------------------
      vouch0 |  -.1365475   .0590664    -2.31   0.021    -.2523537   -.0207413
       _cons |   12.78487    .045183   282.96   0.000     12.69628    12.87345
------------------------------------------------------------------------------

. 
. regress sex_name vouch0

      Source |       SS           df       MS      Number of obs   =     4,044
-------------+----------------------------------   F(1, 4042)      =      0.06
       Model |   .01438287         1   .01438287   Prob > F        =    0.8104
    Residual |  1010.26455     4,042  .249941749   R-squared       =    0.0000
-------------+----------------------------------   Adj R-squared   =   -0.0002
       Total |  1010.27893     4,043  .249883485   Root MSE        =    .49994

------------------------------------------------------------------------------
    sex_name | Coefficient  Std. err.      t    P>|t|     [95% conf. interval]
-------------+----------------------------------------------------------------
      vouch0 |   .0038316   .0159728     0.24   0.810    -.0274839    .0351472
       _cons |   .4843938   .0122485    39.55   0.000       .46038    .5084075
------------------------------------------------------------------------------

. 
. regress phone vouch0 

      Source |       SS           df       MS      Number of obs   =     4,044
-------------+----------------------------------   F(1, 4042)      =      1.57
       Model |  .163788308         1  .163788308   Prob > F        =    0.2105
    Residual |  422.100059     4,042  .104428515   R-squared       =    0.0004
-------------+----------------------------------   Adj R-squared   =    0.0001
       Total |  422.263848     4,043  .104443198   Root MSE        =    .32315

------------------------------------------------------------------------------
       phone | Coefficient  Std. err.      t    P>|t|     [95% conf. interval]
-------------+----------------------------------------------------------------
      vouch0 |   .0129302   .0103246     1.25   0.211    -.0073117     .033172
       _cons |   .8739496   .0079172   110.39   0.000     .8584275    .8894717
------------------------------------------------------------------------------

. 
. 
. 
. *Regression estimate of Differences by vouchers status (winners vs losers) for valid age sample (column 4)

. 
. regress checkid vouch0 if age>9 & age<25

      Source |       SS           df       MS      Number of obs   =     3,661
-------------+----------------------------------   F(1, 3659)      =      0.01
       Model |   .00043986         1   .00043986   Prob > F        =    0.9059
    Residual |  115.131491     3,659  .031465289   R-squared       =    0.0000
-------------+----------------------------------   Adj R-squared   =   -0.0003
       Total |  115.131931     3,660  .031456812   Root MSE        =    .17738

------------------------------------------------------------------------------
     checkid | Coefficient  Std. err.      t    P>|t|     [95% conf. interval]
-------------+----------------------------------------------------------------
      vouch0 |   .0007035   .0059501     0.12   0.906    -.0109624    .0123694
       _cons |   .9670836   .0045513   212.48   0.000     .9581602     .976007
------------------------------------------------------------------------------

. 
. regress age vouch0 if age>9 & age<25

      Source |       SS           df       MS      Number of obs   =     3,661
-------------+----------------------------------   F(1, 3659)      =      3.67
       Model |  6.52851138         1  6.52851138   Prob > F        =    0.0554
    Residual |  6505.73098     3,659  1.77800792   R-squared       =    0.0010
-------------+----------------------------------   Adj R-squared   =    0.0007
       Total |  6512.25949     3,660  1.77930587   Root MSE        =    1.3334

------------------------------------------------------------------------------
         age | Coefficient  Std. err.      t    P>|t|     [95% conf. interval]
-------------+----------------------------------------------------------------
      vouch0 |  -.0857074   .0447279    -1.92   0.055    -.1734014    .0019866
       _cons |    12.7393   .0342127   372.36   0.000     12.67222    12.80638
------------------------------------------------------------------------------

. 
. regress sex_name vouch0 if age>9 & age<25

      Source |       SS           df       MS      Number of obs   =     3,661
-------------+----------------------------------   F(1, 3659)      =      0.41
       Model |  .101649825         1  .101649825   Prob > F        =    0.5238
    Residual |  914.956531     3,659  .250056445   R-squared       =    0.0001
-------------+----------------------------------   Adj R-squared   =   -0.0002
       Total |  915.058181     3,660  .250015896   Root MSE        =    .50006

------------------------------------------------------------------------------
    sex_name | Coefficient  Std. err.      t    P>|t|     [95% conf. interval]
-------------+----------------------------------------------------------------
      vouch0 |   .0106946   .0167738     0.64   0.524    -.0221922    .0435814
       _cons |   .4865043   .0128304    37.92   0.000     .4613488    .5116597
------------------------------------------------------------------------------

. 
. regress phone vouch0 if age>9 & age<25

      Source |       SS           df       MS      Number of obs   =     3,661
-------------+----------------------------------   F(1, 3659)      =      0.54
       Model |  .054833097         1  .054833097   Prob > F        =    0.4612
    Residual |  369.447489     3,659  .100969524   R-squared       =    0.0001
-------------+----------------------------------   Adj R-squared   =   -0.0001
       Total |  369.502322     3,660  .100956919   Root MSE        =    .31776

------------------------------------------------------------------------------
       phone | Coefficient  Std. err.      t    P>|t|     [95% conf. interval]
-------------+----------------------------------------------------------------
      vouch0 |   .0078548   .0106588     0.74   0.461    -.0130429    .0287524
       _cons |    .881501    .008153   108.12   0.000     .8655162    .8974858
------------------------------------------------------------------------------

. 
. 
. 
. *Regression estimate of Differences by vouchers status (winners vs losers) for valid ID and age sample (column 5)

. 
. regress checkid vouch0 if checkid==1 & age>9 & age<25

      Source |       SS           df       MS      Number of obs   =     3,542
-------------+----------------------------------   F(1, 3540)      =         .
       Model |           0         1           0   Prob > F        =         .
    Residual |           0     3,540           0   R-squared       =         .
-------------+----------------------------------   Adj R-squared   =         .
       Total |           0     3,541           0   Root MSE        =         0

------------------------------------------------------------------------------
     checkid | Coefficient  Std. err.      t    P>|t|     [95% conf. interval]
-------------+----------------------------------------------------------------
      vouch0 |          0  (omitted)
       _cons |          1          .        .       .            .           .
------------------------------------------------------------------------------

. 
. regress age vouch0 if checkid==1 & age>9 & age<25

      Source |       SS           df       MS      Number of obs   =     3,542
-------------+----------------------------------   F(1, 3540)      =      3.74
       Model |  6.26869669         1  6.26869669   Prob > F        =    0.0533
    Residual |  5938.57489     3,540  1.67756353   R-squared       =    0.0011
-------------+----------------------------------   Adj R-squared   =    0.0008
       Total |  5944.84359     3,541  1.67886009   Root MSE        =    1.2952

------------------------------------------------------------------------------
         age | Coefficient  Std. err.      t    P>|t|     [95% conf. interval]
-------------+----------------------------------------------------------------
      vouch0 |  -.0853891   .0441726    -1.93   0.053    -.1719955    .0012173
       _cons |   12.72022   .0337931   376.41   0.000     12.65396    12.78647
------------------------------------------------------------------------------

. 
. regress sex_name vouch0 if checkid==1 & age>9 & age<25

      Source |       SS           df       MS      Number of obs   =     3,542
-------------+----------------------------------   F(1, 3540)      =      0.47
       Model |  .117122008         1  .117122008   Prob > F        =    0.4938
    Residual |  885.291404     3,540  .250082318   R-squared       =    0.0001
-------------+----------------------------------   Adj R-squared   =   -0.0002
       Total |  885.408526     3,541  .250044769   Root MSE        =    .50008

------------------------------------------------------------------------------
    sex_name | Coefficient  Std. err.      t    P>|t|     [95% conf. interval]
-------------+----------------------------------------------------------------
      vouch0 |   .0116717   .0170551     0.68   0.494    -.0217672    .0451106
       _cons |   .4880871   .0130476    37.41   0.000     .4625056    .5136687
------------------------------------------------------------------------------

. 
. regress phone vouch0 if checkid==1 & age>9 & age<25

      Source |       SS           df       MS      Number of obs   =     3,542
-------------+----------------------------------   F(1, 3540)      =      0.54
       Model |  .054749308         1  .054749308   Prob > F        =    0.4613
    Residual |  357.092907     3,540  .100873703   R-squared       =    0.0002
-------------+----------------------------------   Adj R-squared   =   -0.0001
       Total |  357.147657     3,541  .100860677   Root MSE        =    .31761

------------------------------------------------------------------------------
       phone | Coefficient  Std. err.      t    P>|t|     [95% conf. interval]
-------------+----------------------------------------------------------------
      vouch0 |     .00798   .0108319     0.74   0.461    -.0132573    .0292173
       _cons |   .8815521   .0082866   106.38   0.000      .865305    .8977991
------------------------------------------------------------------------------

. 
. 
. 
. 
. 
. *Regression estimate of Differences by vouchers status (winners vs losers) for valid ID and age and has phone sample (column 6)

. 
. regress checkid vouch0 if checkid==1 & age>9 & age<25 & phone==1

      Source |       SS           df       MS      Number of obs   =     3,139
-------------+----------------------------------   F(1, 3137)      =         .
       Model |           0         1           0   Prob > F        =         .
    Residual |           0     3,137           0   R-squared       =         .
-------------+----------------------------------   Adj R-squared   =         .
       Total |           0     3,138           0   Root MSE        =         0

------------------------------------------------------------------------------
     checkid | Coefficient  Std. err.      t    P>|t|     [95% conf. interval]
-------------+----------------------------------------------------------------
      vouch0 |          0  (omitted)
       _cons |          1          .        .       .            .           .
------------------------------------------------------------------------------

. 
. regress age vouch0 if checkid==1 & age>9 & age<25 & phone==1

      Source |       SS           df       MS      Number of obs   =     3,139
-------------+----------------------------------   F(1, 3137)      =      3.77
       Model |   6.3481128         1   6.3481128   Prob > F        =    0.0523
    Residual |   5282.5012     3,137  1.68393408   R-squared       =    0.0012
-------------+----------------------------------   Adj R-squared   =    0.0009
       Total |  5288.84932     3,138  1.68542043   Root MSE        =    1.2977

------------------------------------------------------------------------------
         age | Coefficient  Std. err.      t    P>|t|     [95% conf. interval]
-------------+----------------------------------------------------------------
      vouch0 |  -.0913488   .0470482    -1.94   0.052    -.1835971    .0008996
       _cons |    12.7112   .0360602   352.50   0.000     12.64049     12.7819
------------------------------------------------------------------------------

. 
. regress sex_name vouch0 if checkid==1 & age>9 & age<25 & phone==1

      Source |       SS           df       MS      Number of obs   =     3,139
-------------+----------------------------------   F(1, 3137)      =      0.18
       Model |  .045466178         1  .045466178   Prob > F        =    0.6699
    Residual |  784.703817     3,137  .250144666   R-squared       =    0.0001
-------------+----------------------------------   Adj R-squared   =   -0.0003
       Total |  784.749283     3,138   .25007944   Root MSE        =    .50014

------------------------------------------------------------------------------
    sex_name | Coefficient  Std. err.      t    P>|t|     [95% conf. interval]
-------------+----------------------------------------------------------------
      vouch0 |   .0077308   .0181333     0.43   0.670    -.0278235    .0432851
       _cons |   .4949807   .0138983    35.61   0.000     .4677301    .5222313
------------------------------------------------------------------------------

. 
. regress phone vouch0 if checkid==1 & age>9 & age<25 & phone==1

      Source |       SS           df       MS      Number of obs   =     3,139
-------------+----------------------------------   F(1, 3137)      =         .
       Model |           0         1           0   Prob > F        =         .
    Residual |           0     3,137           0   R-squared       =         .
-------------+----------------------------------   Adj R-squared   =         .
       Total |           0     3,138           0   Root MSE        =         0

------------------------------------------------------------------------------
       phone | Coefficient  Std. err.      t    P>|t|     [95% conf. interval]
-------------+----------------------------------------------------------------
      vouch0 |          0  (omitted)
       _cons |          1          .        .       .            .           .
------------------------------------------------------------------------------

. 
. 
. 
. *robust (column 3)

. 
. *Regression estimate of Differences by vouchers status (winners vs losers) for full sample

. 
. regress checkid vouch0, robust

Linear regression                               Number of obs     =      4,044
                                                F(1, 4042)        =       0.91
                                                Prob > F          =     0.3391
                                                R-squared         =     0.0002
                                                Root MSE          =     .32978

------------------------------------------------------------------------------
             |               Robust
     checkid | Coefficient  std. err.      t    P>|t|     [95% conf. interval]
-------------+----------------------------------------------------------------
      vouch0 |  -.0100117   .0104717    -0.96   0.339     -.030542    .0105185
       _cons |   .8817527    .007913   111.43   0.000     .8662389    .8972665
------------------------------------------------------------------------------

. 
. regress age vouch0, robust

Linear regression                               Number of obs     =      3,664
                                                F(1, 3662)        =       4.57
                                                Prob > F          =     0.0326
                                                R-squared         =     0.0015
                                                Root MSE          =     1.7616

------------------------------------------------------------------------------
             |               Robust
         age | Coefficient  std. err.      t    P>|t|     [95% conf. interval]
-------------+----------------------------------------------------------------
      vouch0 |  -.1365475   .0638884    -2.14   0.033    -.2618078   -.0112872
       _cons |   12.78487   .0568641   224.83   0.000     12.67338    12.89636
------------------------------------------------------------------------------

. 
. regress sex_name vouch0, robust

Linear regression                               Number of obs     =      4,044
                                                F(1, 4042)        =       0.06
                                                Prob > F          =     0.8104
                                                R-squared         =     0.0000
                                                Root MSE          =     .49994

------------------------------------------------------------------------------
             |               Robust
    sex_name | Coefficient  std. err.      t    P>|t|     [95% conf. interval]
-------------+----------------------------------------------------------------
      vouch0 |   .0038316   .0159722     0.24   0.810    -.0274827     .035146
       _cons |   .4843938    .012247    39.55   0.000      .460383    .5084045
------------------------------------------------------------------------------

. 
. regress phone vouch0, robust 

Linear regression                               Number of obs     =      4,044
                                                F(1, 4042)        =       1.54
                                                Prob > F          =     0.2143
                                                R-squared         =     0.0004
                                                Root MSE          =     .32315

------------------------------------------------------------------------------
             |               Robust
       phone | Coefficient  std. err.      t    P>|t|     [95% conf. interval]
-------------+----------------------------------------------------------------
      vouch0 |   .0129302   .0104099     1.24   0.214    -.0074789    .0333392
       _cons |   .8739496   .0081336   107.45   0.000     .8580032     .889896
------------------------------------------------------------------------------

. 
. 
. 
. *robust (column 4)

. 
. *Regression estimate of Differences by vouchers status (winners vs losers) for valid age sample 

. 
. regress checkid vouch0 if age>9 & age<25, robust

Linear regression                               Number of obs     =      3,661
                                                F(1, 3659)        =       0.01
                                                Prob > F          =     0.9061
                                                R-squared         =     0.0000
                                                Root MSE          =     .17738

------------------------------------------------------------------------------
             |               Robust
     checkid | Coefficient  std. err.      t    P>|t|     [95% conf. interval]
-------------+----------------------------------------------------------------
      vouch0 |   .0007035   .0059607     0.12   0.906    -.0109832    .0123902
       _cons |   .9670836   .0045791   211.20   0.000     .9581058    .9760614
------------------------------------------------------------------------------

. 
. regress age vouch0 if age>9 & age<25, robust

Linear regression                               Number of obs     =      3,661
                                                F(1, 3659)        =       3.68
                                                Prob > F          =     0.0551
                                                R-squared         =     0.0010
                                                Root MSE          =     1.3334

------------------------------------------------------------------------------
             |               Robust
         age | Coefficient  std. err.      t    P>|t|     [95% conf. interval]
-------------+----------------------------------------------------------------
      vouch0 |  -.0857074   .0446638    -1.92   0.055    -.1732758     .001861
       _cons |    12.7393    .034044   374.20   0.000     12.67255    12.80605
------------------------------------------------------------------------------

. 
. regress sex_name vouch0 if age>9 & age<25, robust

Linear regression                               Number of obs     =      3,661
                                                F(1, 3659)        =       0.41
                                                Prob > F          =     0.5238
                                                R-squared         =     0.0001
                                                Root MSE          =     .50006

------------------------------------------------------------------------------
             |               Robust
    sex_name | Coefficient  std. err.      t    P>|t|     [95% conf. interval]
-------------+----------------------------------------------------------------
      vouch0 |   .0106946   .0167728     0.64   0.524    -.0221903    .0435795
       _cons |   .4865043   .0128278    37.93   0.000      .461354    .5116546
------------------------------------------------------------------------------

. 
. regress phone vouch0 if age>9 & age<25, robust

Linear regression                               Number of obs     =      3,661
                                                F(1, 3659)        =       0.54
                                                Prob > F          =     0.4635
                                                R-squared         =     0.0001
                                                Root MSE          =     .31776

------------------------------------------------------------------------------
             |               Robust
       phone | Coefficient  std. err.      t    P>|t|     [95% conf. interval]
-------------+----------------------------------------------------------------
      vouch0 |   .0078548    .010713     0.73   0.463    -.0131493    .0288589
       _cons |    .881501   .0082949   106.27   0.000      .865238     .897764
------------------------------------------------------------------------------

. 
. 
. 
. *robust (column 5)

. 
. *Regression estimate of Differences by vouchers status (winners vs losers) for valid ID and age 

. 
. regress checkid vouch0 if checkid==1 & age>9 & age<25, robust

Linear regression                               Number of obs     =      3,542
                                                F(0, 3540)        =          .
                                                Prob > F          =          .
                                                R-squared         =          .
                                                Root MSE          =          0

------------------------------------------------------------------------------
             |               Robust
     checkid | Coefficient  std. err.      t    P>|t|     [95% conf. interval]
-------------+----------------------------------------------------------------
      vouch0 |          0  (omitted)
       _cons |          1          .        .       .            .           .
------------------------------------------------------------------------------

. 
. regress age vouch0 if checkid==1 & age>9 & age<25, robust

Linear regression                               Number of obs     =      3,542
                                                F(1, 3540)        =       3.70
                                                Prob > F          =     0.0545
                                                R-squared         =     0.0011
                                                Root MSE          =     1.2952

------------------------------------------------------------------------------
             |               Robust
         age | Coefficient  std. err.      t    P>|t|     [95% conf. interval]
-------------+----------------------------------------------------------------
      vouch0 |  -.0853891   .0443839    -1.92   0.054    -.1724097    .0016315
       _cons |   12.72022   .0343447   370.37   0.000     12.65288    12.78756
------------------------------------------------------------------------------

. 
. regress sex_name vouch0 if checkid==1 & age>9 & age<25, robust

Linear regression                               Number of obs     =      3,542
                                                F(1, 3540)        =       0.47
                                                Prob > F          =     0.4938
                                                R-squared         =     0.0001
                                                Root MSE          =     .50008

------------------------------------------------------------------------------
             |               Robust
    sex_name | Coefficient  std. err.      t    P>|t|     [95% conf. interval]
-------------+----------------------------------------------------------------
      vouch0 |   .0116717   .0170543     0.68   0.494    -.0217656    .0451089
       _cons |   .4880871   .0130454    37.41   0.000     .4625098    .5136645
------------------------------------------------------------------------------

. 
. regress phone vouch0 if checkid==1 & age>9 & age<25, robust

Linear regression                               Number of obs     =      3,542
                                                F(1, 3540)        =       0.54
                                                Prob > F          =     0.4637
                                                R-squared         =     0.0002
                                                Root MSE          =     .31761

------------------------------------------------------------------------------
             |               Robust
       phone | Coefficient  std. err.      t    P>|t|     [95% conf. interval]
-------------+----------------------------------------------------------------
      vouch0 |     .00798   .0108881     0.73   0.464    -.0133675    .0293275
       _cons |   .8815521   .0084333   104.53   0.000     .8650174    .8980868
------------------------------------------------------------------------------

. 
. 
. 
. *robust (column 6)

. 
. *Regression estimate of Differences by vouchers status (winners vs losers) for valid ID and age and has phone sample

. 
. regress checkid vouch0 if checkid==1 & age>9 & age<25 & phone==1, robust

Linear regression                               Number of obs     =      3,139
                                                F(0, 3137)        =          .
                                                Prob > F          =          .
                                                R-squared         =          .
                                                Root MSE          =          0

------------------------------------------------------------------------------
             |               Robust
     checkid | Coefficient  std. err.      t    P>|t|     [95% conf. interval]
-------------+----------------------------------------------------------------
      vouch0 |          0  (omitted)
       _cons |          1          .        .       .            .           .
------------------------------------------------------------------------------

. 
. regress age vouch0 if checkid==1 & age>9 & age<25 & phone==1, robust

Linear regression                               Number of obs     =      3,139
                                                F(1, 3137)        =       3.73
                                                Prob > F          =     0.0534
                                                R-squared         =     0.0012
                                                Root MSE          =     1.2977

------------------------------------------------------------------------------
             |               Robust
         age | Coefficient  std. err.      t    P>|t|     [95% conf. interval]
-------------+----------------------------------------------------------------
      vouch0 |  -.0913488   .0472812    -1.93   0.053    -.1840539    .0013564
       _cons |    12.7112   .0366566   346.76   0.000     12.63932    12.78307
------------------------------------------------------------------------------

. 
. regress sex_name vouch0 if checkid==1 & age>9 & age<25 & phone==1, robust

Linear regression                               Number of obs     =      3,139
                                                F(1, 3137)        =       0.18
                                                Prob > F          =     0.6699
                                                R-squared         =     0.0001
                                                Root MSE          =     .50014

------------------------------------------------------------------------------
             |               Robust
    sex_name | Coefficient  std. err.      t    P>|t|     [95% conf. interval]
-------------+----------------------------------------------------------------
      vouch0 |   .0077308   .0181331     0.43   0.670    -.0278232    .0432848
       _cons |   .4949807    .013898    35.62   0.000     .4677306    .5222307
------------------------------------------------------------------------------

. 
. regress phone vouch0 if checkid==1 & age>9 & age<25 & phone==1, robust

Linear regression                               Number of obs     =      3,139
                                                F(0, 3137)        =          .
                                                Prob > F          =          .
                                                R-squared         =          .
                                                Root MSE          =          0

------------------------------------------------------------------------------
             |               Robust
       phone | Coefficient  std. err.      t    P>|t|     [95% conf. interval]
-------------+----------------------------------------------------------------
      vouch0 |          0  (omitted)
       _cons |          1          .        .       .            .           .
------------------------------------------------------------------------------

. help excel

. clear all

. 
. capture log close
